ncsmgr/ncsmgr_install.sh: line 49: /d/a/1/s/bin/git: No such file or directory
Downloading PortableGit-2.26.2-64-bit.7z.exe ...done
>>>> checksum for PortableGit-2.26.2-64-bit.7z.exe does not exist in ncsmgr/sha512sums.txt <<<<
Unpacking /d/a/1/s/download/PortableGit-2.26.2-64-bit.7z.exe ...
7-Zip 19.00 (x64) : Copyright (c) 1999-2018 Igor Pavlov : 2019-02-21

Scanning the drive for archives:
1 file, 43088848 bytes (42 MiB)

Extracting archive: D:\a\1\s\download\PortableGit-2.26.2-64-bit.7z.exe
--
Path = D:\a\1\s\download\PortableGit-2.26.2-64-bit.7z.exe
Type = PE
Physical Size = 43088848
CPU = x86
Characteristics = Executable 32-bit
Created = 2019-08-02 13:43:26
Headers Size = 1024
Checksum = 43150469
Name = 7zS.sfx.exe
Image Size = 524288
Section Alignment = 4096
File Alignment = 512
Code Size = 404992
Initialized Data Size = 109056
Uninitialized Data Size = 0
Linker Version = 14.22
OS Version = 6.0
Image Version = 0.0
Subsystem Version = 6.0
Subsystem = Windows GUI
DLL Characteristics = Relocated NX-Compatible TerminalServerAware
Stack Reserve = 1048576
Stack Commit = 4096
Heap Reserve = 1048576
Heap Commit = 4096
Image Base = 4194304
Comment = 
{
FileVersion: 19.0.0.0
FileVersion: 19.00
ProductVersion: 19.0.0.0
ProductVersion: 19.00
CompanyName: Igor Pavlov
FileDescription: 7z Setup SFX
InternalName: 7zS.sfx
LegalCopyright: Copyright (c) 1999-2018 Igor Pavlov
OriginalFilename: 7zS.sfx.exe
ProductName: 7-Zip
}
----
Path = [0]
Size = 42577440
Packed Size = 42577440
Virtual Size = 42577440
Offset = 501248
--
Path = [0]
Type = 7z
Offset = 512
Physical Size = 42576927
Tail Size = 1
Headers Size = 60152
Method = LZMA:28 BCJ2
Solid = +
Blocks = 2

Everything is Ok

Folders: 13
Files: 5849
Size:       281543889
Compressed: 43088848
done
Removing /d/a/1/s/git-cmd.exe ...done
ncsmgr/ncsmgr_install.sh: line 62: /d/a/1/s/opt/bin/7z: No such file or directory
Downloading 7z1900-x64.exe ...done
done
Unpacking /d/a/1/s/download/7z1900-x64.exe ...
7-Zip 19.00 (x64) : Copyright (c) 1999-2018 Igor Pavlov : 2019-02-21

Scanning the drive for archives:
1 file, 1447178 bytes (1414 KiB)

Extracting archive: D:\a\1\s\download\7z1900-x64.exe
--
Path = D:\a\1\s\download\7z1900-x64.exe
Type = 7z
Offset = 37376
Physical Size = 1409802
Headers Size = 1297
Method = LZMA:22 BCJ2
Solid = +
Blocks = 2

Everything is Ok

Files: 9
Size:       4227626
Compressed: 1447178
done
ncsmgr/ncsmgr_install.sh: line 70: /d/a/1/s/opt/bin/cmake: No such file or directory
Downloading cmake-3.13.4-win64-x64.zip ...done
done
Unpacking /d/a/1/s/download/cmake-3.13.4-win64-x64.zip ...
7-Zip 19.00 (x64) : Copyright (c) 1999-2018 Igor Pavlov : 2019-02-21

Scanning the drive for archives:
1 file, 29696565 bytes (29 MiB)

Extracting archive: D:\a\1\s\download\cmake-3.13.4-win64-x64.zip
--
Path = D:\a\1\s\download\cmake-3.13.4-win64-x64.zip
Type = zip
Physical Size = 29696565

Everything is Ok

Folders: 99
Files: 5544
Size:       72788059
Compressed: 29696565
done
Copying contents ...done
ncsmgr/ncsmgr_install.sh: line 81: /d/a/1/s/opt/bin/python: No such file or directory
Downloading python-3.8.2-embed-amd64.zip ...done
done
Unpacking /d/a/1/s/download/python-3.8.2-embed-amd64.zip ...
7-Zip 19.00 (x64) : Copyright (c) 1999-2018 Igor Pavlov : 2019-02-21

Scanning the drive for archives:
1 file, 8017771 bytes (7830 KiB)

Extracting archive: D:\a\1\s\download\python-3.8.2-embed-amd64.zip
--
Path = D:\a\1\s\download\python-3.8.2-embed-amd64.zip
Type = zip
Physical Size = 8017771

Everything is Ok

Files: 31
Size:       15710315
Compressed: 8017771
done
Downloading get-pip.py ...done
>>>> checksum for get-pip.py does not exist in ncsmgr/sha512sums.txt <<<<
Installing pip ...Collecting pip
  Downloading pip-20.1.1-py2.py3-none-any.whl (1.5 MB)
Collecting setuptools
  Downloading setuptools-47.3.1-py3-none-any.whl (582 kB)
Collecting wheel
  Downloading wheel-0.34.2-py2.py3-none-any.whl (26 kB)
Installing collected packages: pip, setuptools, wheel
Successfully installed pip-20.1.1 setuptools-47.3.1 wheel-0.34.2
done
Removing /d/a/1/s/download/get-pip.py ...done
Removing /d/a/1/s/opt/bin/python38._pth ...done
Upgrading pip ...Requirement already up-to-date: pip in d:\a\1\s\opt\bin\lib\site-packages (20.1.1)
done
ncsmgr/ncsmgr_install.sh: line 98: /d/a/1/s/opt/bin/ninja: No such file or directory
Downloading ninja-win.zip ...done
done
Unpacking /d/a/1/s/download/ninja-win.zip ...
7-Zip 19.00 (x64) : Copyright (c) 1999-2018 Igor Pavlov : 2019-02-21

Scanning the drive for archives:
1 file, 247692 bytes (242 KiB)

Extracting archive: D:\a\1\s\download\ninja-win.zip
--
Path = D:\a\1\s\download\ninja-win.zip
Type = zip
Physical Size = 247692

Everything is Ok

Size:       504320
Compressed: 247692
done
Downloading dtc-1.4.7-1-x86_64.pkg.tar.xz ...done
done
Unpacking /d/a/1/s/download/dtc-1.4.7-1-x86_64.pkg.tar.xz ...
7-Zip 19.00 (x64) : Copyright (c) 1999-2018 Igor Pavlov : 2019-02-21

Scanning the drive for archives:
1 file, 99652 bytes (98 KiB)

Extracting archive: D:\a\1\s\download\dtc-1.4.7-1-x86_64.pkg.tar.xz
--
Path = D:\a\1\s\download\dtc-1.4.7-1-x86_64.pkg.tar.xz
Type = xz
Physical Size = 99652
Method = LZMA2:23 CRC64
Streams = 1
Blocks = 1
Characteristics = BlockPackSize BlockUnpackSize

Everything is Ok

Size:       563200
Compressed: 99652
done
Unpacking /d/a/1/s/download/dtc-1.4.7-1-x86_64.pkg.tar ...
7-Zip 19.00 (x64) : Copyright (c) 1999-2018 Igor Pavlov : 2019-02-21

Scanning the drive for archives:
1 file, 563200 bytes (550 KiB)

Extracting archive: D:\a\1\s\download\dtc-1.4.7-1-x86_64.pkg.tar
--
Path = D:\a\1\s\download\dtc-1.4.7-1-x86_64.pkg.tar
Type = tar
Physical Size = 563200
Headers Size = 13824
Code Page = UTF-8

Everything is Ok

Folders: 7
Files: 16
Size:       545846
Compressed: 563200
done
Downloading gcc-libs-7.3.0-3-x86_64.pkg.tar.xz ...done
done
Unpacking /d/a/1/s/download/gcc-libs-7.3.0-3-x86_64.pkg.tar.xz ...
7-Zip 19.00 (x64) : Copyright (c) 1999-2018 Igor Pavlov : 2019-02-21

Scanning the drive for archives:
1 file, 1001192 bytes (978 KiB)

Extracting archive: D:\a\1\s\download\gcc-libs-7.3.0-3-x86_64.pkg.tar.xz
--
Path = D:\a\1\s\download\gcc-libs-7.3.0-3-x86_64.pkg.tar.xz
Type = xz
Physical Size = 1001192
Method = LZMA2:23 CRC64
Streams = 1
Blocks = 1
Characteristics = BlockPackSize BlockUnpackSize

Everything is Ok

Size:       4065280
Compressed: 1001192
done
Unpacking /d/a/1/s/download/gcc-libs-7.3.0-3-x86_64.pkg.tar ...
7-Zip 19.00 (x64) : Copyright (c) 1999-2018 Igor Pavlov : 2019-02-21

Scanning the drive for archives:
1 file, 4065280 bytes (3970 KiB)

Extracting archive: D:\a\1\s\download\gcc-libs-7.3.0-3-x86_64.pkg.tar
--
Path = D:\a\1\s\download\gcc-libs-7.3.0-3-x86_64.pkg.tar
Type = tar
Physical Size = 4065280
Headers Size = 16384
Code Page = UTF-8

Everything is Ok

Folders: 6
Files: 14
Size:       4045215
Compressed: 4065280
done
Downloading msys2-runtime-2.11.1-2-x86_64.pkg.tar.xz ...done
done
Unpacking /d/a/1/s/download/msys2-runtime-2.11.1-2-x86_64.pkg.tar.xz ...
7-Zip 19.00 (x64) : Copyright (c) 1999-2018 Igor Pavlov : 2019-02-21

Scanning the drive for archives:
1 file, 2627572 bytes (2566 KiB)

Extracting archive: D:\a\1\s\download\msys2-runtime-2.11.1-2-x86_64.pkg.tar.xz
--
Path = D:\a\1\s\download\msys2-runtime-2.11.1-2-x86_64.pkg.tar.xz
Type = xz
Physical Size = 2627572
Method = LZMA2:23 CRC64
Streams = 1
Blocks = 1
Characteristics = BlockPackSize BlockUnpackSize

Everything is Ok

Size:       12359680
Compressed: 2627572
done
Unpacking /d/a/1/s/download/msys2-runtime-2.11.1-2-x86_64.pkg.tar ...
7-Zip 19.00 (x64) : Copyright (c) 1999-2018 Igor Pavlov : 2019-02-21

Scanning the drive for archives:
1 file, 12359680 bytes (12 MiB)

Extracting archive: D:\a\1\s\download\msys2-runtime-2.11.1-2-x86_64.pkg.tar
--
Path = D:\a\1\s\download\msys2-runtime-2.11.1-2-x86_64.pkg.tar
Type = tar
Physical Size = 12359680
Headers Size = 32256
Code Page = UTF-8

Everything is Ok

Folders: 11
Files: 35
Size:       12320104
Compressed: 12359680
done
ncsmgr/ncsmgr_install.sh: line 139: /d/a/1/s/opt/bin/gperf: No such file or directory
Downloading gperf-3.1-win64_x64.zip ...done
done
Unpacking /d/a/1/s/download/gperf-3.1-win64_x64.zip ...
7-Zip 19.00 (x64) : Copyright (c) 1999-2018 Igor Pavlov : 2019-02-21

Scanning the drive for archives:
1 file, 63617 bytes (63 KiB)

Extracting archive: D:\a\1\s\download\gperf-3.1-win64_x64.zip
--
Path = D:\a\1\s\download\gperf-3.1-win64_x64.zip
Type = zip
Physical Size = 63617

Everything is Ok

Size:       127488
Compressed: 63617
done
ncsmgr/ncsmgr_install.sh: line 147: /d/a/1/s/opt/bin/arm-none-eabi-gcc: No such file or directory
Downloading gcc-arm-none-eabi-9-2019-q4-major-win32.zip ...done
done
Unpacking /d/a/1/s/download/gcc-arm-none-eabi-9-2019-q4-major-win32.zip ...
7-Zip 19.00 (x64) : Copyright (c) 1999-2018 Igor Pavlov : 2019-02-21

Scanning the drive for archives:
1 file, 150825950 bytes (144 MiB)

Extracting archive: D:\a\1\s\download\gcc-arm-none-eabi-9-2019-q4-major-win32.zip
--
Path = D:\a\1\s\download\gcc-arm-none-eabi-9-2019-q4-major-win32.zip
Type = zip
Physical Size = 150825950

Everything is Ok

Folders: 278
Files: 5599
Size:       520210437
Compressed: 150825950
done
ncsmgr/ncsmgr_install.sh: line 155: /d/a/1/s/opt/bin/Scripts/west: No such file or directory
Installing west ...Collecting west
  Downloading west-0.7.2-py3-none-any.whl (70 kB)
Collecting configobj
  Downloading configobj-5.0.6.tar.gz (33 kB)
Requirement already satisfied: setuptools in d:\a\1\s\opt\bin\lib\site-packages (from west) (47.3.1)
Collecting pykwalify
  Downloading pykwalify-1.7.0-py2.py3-none-any.whl (40 kB)
Collecting colorama
  Downloading colorama-0.4.3-py2.py3-none-any.whl (15 kB)
Collecting PyYAML>=5.1
  Downloading PyYAML-5.3.1-cp38-cp38-win_amd64.whl (219 kB)
Collecting packaging
  Downloading packaging-20.4-py2.py3-none-any.whl (37 kB)
Collecting six
  Downloading six-1.15.0-py2.py3-none-any.whl (10 kB)
Collecting docopt>=0.6.2
  Downloading docopt-0.6.2.tar.gz (25 kB)
Collecting python-dateutil>=2.4.2
  Downloading python_dateutil-2.8.1-py2.py3-none-any.whl (227 kB)
Collecting pyparsing>=2.0.2
  Downloading pyparsing-2.4.7-py2.py3-none-any.whl (67 kB)
Building wheels for collected packages: configobj, docopt
  Building wheel for configobj (setup.py): started
  Building wheel for configobj (setup.py): finished with status 'done'
  Created wheel for configobj: filename=configobj-5.0.6-py3-none-any.whl size=34549 sha256=3fea3ba6f1880d5a74f9df47567d13fbe3bc6642e2012ad60ed21c2c8c4477ba
  Stored in directory: C:\Users\VssAdministrator\AppData\Local\Temp\pip-ephem-wheel-cache-egaonrov\wheels\34\2a\24\a490264ae9041fd48f778ff393526572c80bb498ddecb07ea5
  Building wheel for docopt (setup.py): started
  Building wheel for docopt (setup.py): finished with status 'done'
  Created wheel for docopt: filename=docopt-0.6.2-py2.py3-none-any.whl size=13709 sha256=81e1d332784dd45a29ca6387c43893d6c24ba722458c2ee8944ade3add7ec363
  Stored in directory: C:\Users\VssAdministrator\AppData\Local\Temp\pip-ephem-wheel-cache-egaonrov\wheels\56\ea\58\ead137b087d9e326852a851351d1debf4ada529b6ac0ec4e8c
Successfully built configobj docopt
Installing collected packages: six, configobj, docopt, PyYAML, python-dateutil, pykwalify, colorama, pyparsing, packaging, west
Successfully installed PyYAML-5.3.1 colorama-0.4.3 configobj-5.0.6 docopt-0.6.2 packaging-20.4 pykwalify-1.7.0 pyparsing-2.4.7 python-dateutil-2.8.1 six-1.15.0 west-0.7.2
done
Installing pip requirements for NCS v1.3.0 ...ERROR: gitlint 0.13.1 has requirement arrow==0.15.5, but you'll have arrow 0.15.6 which is incompatible.
ERROR: gitlint 0.13.1 has requirement Click==7.0, but you'll have click 7.1.2 which is incompatible.
nloading appdirs-1.4.3-py2.py3-none-any.whl (12 kB)
Collecting arrow==0.15.6
  Downloading arrow-0.15.6-py2.py3-none-any.whl (47 kB)
Collecting astroid==2.4.1
  Downloading astroid-2.4.1-py3-none-any.whl (214 kB)
Collecting attrs==19.3.0
  Downloading attrs-19.3.0-py2.py3-none-any.whl (39 kB)
Collecting Babel==2.8.0
  Downloading Babel-2.8.0-py2.py3-none-any.whl (8.6 MB)
Collecting breathe==4.14.2
  Downloading breathe-4.14.2-py3-none-any.whl (74 kB)
Collecting cbor==1.0.0
  Downloading cbor-1.0.0.tar.gz (20 kB)
Collecting certifi==2020.4.5.1
  Downloading certifi-2020.4.5.1-py2.py3-none-any.whl (157 kB)
Collecting cffi==1.14.0
  Downloading cffi-1.14.0-cp38-cp38-win_amd64.whl (177 kB)
Collecting chardet==3.0.4
  Downloading chardet-3.0.4-py2.py3-none-any.whl (133 kB)
Collecting click==7.1.2
  Downloading click-7.1.2-py2.py3-none-any.whl (82 kB)
Collecting cmsis-pack-manager==0.2.10
  Downloading cmsis_pack_manager-0.2.10-py2.py3-none-win_amd64.whl (2.5 MB)
Requirement already satisfied: colorama==0.4.3 in d:\a\1\s\opt\bin\lib\site-packages (from -r https://raw.githubusercontent.com/nrfconnect/sdk-nrf/v1.3.0/scripts/requirements-ci.txt (line 15)) (0.4.3)
Collecting CommonMark==0.5.4
  Downloading CommonMark-0.5.4.tar.gz (120 kB)
Requirement already satisfied: configobj==5.0.6 in d:\a\1\s\opt\bin\lib\site-packages (from -r https://raw.githubusercontent.com/nrfconnect/sdk-nrf/v1.3.0/scripts/requirements-ci.txt (line 17)) (5.0.6)
Collecting cryptography==2.9.2
  Downloading cryptography-2.9.2-cp38-cp38-win_amd64.whl (1.5 MB)
Collecting Deprecated==1.2.9
  Downloading Deprecated-1.2.9-py2.py3-none-any.whl (8.6 kB)
Requirement already satisfied: docopt==0.6.2 in d:\a\1\s\opt\bin\lib\site-packages (from -r https://raw.githubusercontent.com/nrfconnect/sdk-nrf/v1.3.0/scripts/requirements-ci.txt (line 20)) (0.6.2)
Collecting docutils==0.16
  Downloading docutils-0.16-py2.py3-none-any.whl (548 kB)
Collecting ecdsa==0.15
  Downloading ecdsa-0.15-py2.py3-none-any.whl (100 kB)
Collecting future==0.18.2
  Downloading future-0.18.2.tar.gz (829 kB)
Collecting gcovr==4.2
  Downloading gcovr-4.2-py2.py3-none-any.whl (45 kB)
Collecting gitlint==0.13.1
  Downloading gitlint-0.13.1-py2.py3-none-any.whl (74 kB)
Collecting idna==2.9
  Downloading idna-2.9-py2.py3-none-any.whl (58 kB)
Collecting imagesize==1.2.0
  Downloading imagesize-1.2.0-py2.py3-none-any.whl (4.8 kB)
Collecting importlib-metadata==1.6.0
  Downloading importlib_metadata-1.6.0-py2.py3-none-any.whl (30 kB)
Collecting intelhex==2.2.1
  Downloading intelhex-2.2.1-py2.py3-none-any.whl (50 kB)
Collecting intervaltree==3.0.2
  Downloading intervaltree-3.0.2.tar.gz (30 kB)
Collecting isort==4.3.21
  Downloading isort-4.3.21-py2.py3-none-any.whl (42 kB)
Collecting Jinja2==2.11.2
  Downloading Jinja2-2.11.2-py2.py3-none-any.whl (125 kB)
Collecting junit2html==23
  Downloading junit2html-023.tar.gz (10 kB)
Collecting junitparser==1.4.1
  Downloading junitparser-1.4.1-py2.py3-none-any.whl (9.9 kB)
Collecting lazy-object-proxy==1.4.3
  Downloading lazy_object_proxy-1.4.3-cp38-cp38-win_amd64.whl (21 kB)
Collecting lxml==4.5.0
  Downloading lxml-4.5.0-cp38-cp38-win_amd64.whl (3.7 MB)
Collecting MarkupSafe==1.1.1
  Downloading MarkupSafe-1.1.1-cp38-cp38-win_amd64.whl (16 kB)
Collecting mccabe==0.6.1
  Downloading mccabe-0.6.1-py2.py3-none-any.whl (8.6 kB)
Collecting milksnake==0.1.5
  Downloading milksnake-0.1.5-py2.py3-none-any.whl (9.6 kB)
Collecting more-itertools==8.2.0
  Downloading more_itertools-8.2.0-py3-none-any.whl (43 kB)
Collecting packaging==20.3
  Downloading packaging-20.3-py2.py3-none-any.whl (37 kB)
Collecting Pillow==7.1.2
  Downloading Pillow-7.1.2-cp38-cp38-win_amd64.whl (2.0 MB)
Collecting pluggy==0.13.1
  Downloading pluggy-0.13.1-py2.py3-none-any.whl (18 kB)
Collecting ply==3.11
  Downloading ply-3.11-py2.py3-none-any.whl (49 kB)
Collecting prettytable==0.7.2
  Downloading prettytable-0.7.2.tar.bz2 (21 kB)
Collecting psutil==5.7.0
  Downloading psutil-5.7.0-cp38-cp38-win_amd64.whl (235 kB)
Collecting py==1.8.1
  Downloading py-1.8.1-py2.py3-none-any.whl (83 kB)
Collecting pycparser==2.20
  Downloading pycparser-2.20-py2.py3-none-any.whl (112 kB)
Collecting pyelftools==0.26
  Downloading pyelftools-0.26-py2.py3-none-any.whl (136 kB)
Collecting PyGithub==1.51
  Downloading PyGithub-1.51-py3-none-any.whl (260 kB)
Collecting Pygments==2.6.1
  Downloading Pygments-2.6.1-py3-none-any.whl (914 kB)
Collecting PyJWT==1.7.1
  Downloading PyJWT-1.7.1-py2.py3-none-any.whl (18 kB)
Requirement already satisfied: pykwalify==1.7.0 in d:\a\1\s\opt\bin\lib\site-packages (from -r https://raw.githubusercontent.com/nrfconnect/sdk-nrf/v1.3.0/scripts/requirements-ci.txt (line 53)) (1.7.0)
Collecting pylink-square==0.6.0
  Downloading pylink_square-0.6.0-py2.py3-none-any.whl (75 kB)
Collecting pylint==2.5.2
  Downloading pylint-2.5.2-py3-none-any.whl (324 kB)
Collecting pyocd==0.26.0
  Downloading pyocd-0.26.0-py2.py3-none-any.whl (7.5 MB)
Requirement already satisfied: pyparsing==2.4.7 in d:\a\1\s\opt\bin\lib\site-packages (from -r https://raw.githubusercontent.com/nrfconnect/sdk-nrf/v1.3.0/scripts/requirements-ci.txt (line 57)) (2.4.7)
Collecting pyserial==3.4
  Downloading pyserial-3.4-py2.py3-none-any.whl (193 kB)
Collecting pytest==5.4.1
  Downloading pytest-5.4.1-py3-none-any.whl (246 kB)
Requirement already satisfied: python-dateutil==2.8.1 in d:\a\1\s\opt\bin\lib\site-packages (from -r https://raw.githubusercontent.com/nrfconnect/sdk-nrf/v1.3.0/scripts/requirements-ci.txt (line 60)) (2.8.1)
Collecting python-magic==0.4.18
  Downloading python_magic-0.4.18-py2.py3-none-any.whl (8.6 kB)
Collecting pytz==2020.1
  Downloading pytz-2020.1-py2.py3-none-any.whl (510 kB)
Collecting pyusb==1.0.2
  Downloading pyusb-1.0.2.tar.gz (54 kB)
Requirement already satisfied: PyYAML==5.3.1 in d:\a\1\s\opt\bin\lib\site-packages (from -r https://raw.githubusercontent.com/nrfconnect/sdk-nrf/v1.3.0/scripts/requirements-ci.txt (line 64)) (5.3.1)
Collecting recommonmark==0.4.0
  Downloading recommonmark-0.4.0-py2.py3-none-any.whl (9.4 kB)
Collecting requests==2.23.0
  Downloading requests-2.23.0-py2.py3-none-any.whl (58 kB)
Collecting sh==1.12.14
  Downloading sh-1.12.14-py2.py3-none-any.whl (38 kB)
Collecting six==1.14.0
  Downloading six-1.14.0-py2.py3-none-any.whl (10 kB)
Collecting snowballstemmer==2.0.0
  Downloading snowballstemmer-2.0.0-py2.py3-none-any.whl (97 kB)
Collecting sortedcontainers==2.1.0
  Downloading sortedcontainers-2.1.0-py2.py3-none-any.whl (28 kB)
Collecting Sphinx==2.4.4
  Downloading Sphinx-2.4.4-py3-none-any.whl (2.7 MB)
Collecting sphinx-rtd-theme==0.4.3
  Downloading sphinx_rtd_theme-0.4.3-py2.py3-none-any.whl (6.4 MB)
Collecting sphinx-tabs==1.1.13
  Downloading sphinx-tabs-1.1.13.tar.gz (21 kB)
Collecting sphinxcontrib-applehelp==1.0.2
  Downloading sphinxcontrib_applehelp-1.0.2-py2.py3-none-any.whl (121 kB)
Collecting sphinxcontrib-devhelp==1.0.2
  Downloading sphinxcontrib_devhelp-1.0.2-py2.py3-none-any.whl (84 kB)
Collecting sphinxcontrib-htmlhelp==1.0.3
  Downloading sphinxcontrib_htmlhelp-1.0.3-py2.py3-none-any.whl (96 kB)
Collecting sphinxcontrib-jsmath==1.0.1
  Downloading sphinxcontrib_jsmath-1.0.1-py2.py3-none-any.whl (5.1 kB)
Collecting sphinxcontrib-mscgen==0.5
  Downloading sphinxcontrib-mscgen-0.5.tar.gz (10 kB)
Collecting sphinxcontrib-qthelp==1.0.3
  Downloading sphinxcontrib_qthelp-1.0.3-py2.py3-none-any.whl (90 kB)
Collecting sphinxcontrib-serializinghtml==1.1.4
  Downloading sphinxcontrib_serializinghtml-1.1.4-py2.py3-none-any.whl (89 kB)
Collecting sphinxcontrib-svg2pdfconverter==1.0.1
  Downloading sphinxcontrib_svg2pdfconverter-1.0.1-py3-none-any.whl (6.6 kB)
Collecting tabulate==0.8.7
  Downloading tabulate-0.8.7-py3-none-any.whl (24 kB)
Collecting toml==0.10.0
  Downloading toml-0.10.0-py2.py3-none-any.whl (25 kB)
Collecting typed-ast==1.4.1
  Downloading typed_ast-1.4.1-cp38-cp38-win_amd64.whl (158 kB)
Collecting urllib3==1.25.9
  Downloading urllib3-1.25.9-py2.py3-none-any.whl (126 kB)
Collecting wcwidth==0.1.9
  Downloading wcwidth-0.1.9-py2.py3-none-any.whl (19 kB)
Requirement already satisfied: west==0.7.2 in d:\a\1\s\opt\bin\lib\site-packages (from -r https://raw.githubusercontent.com/nrfconnect/sdk-nrf/v1.3.0/scripts/requirements-ci.txt (line 87)) (0.7.2)
Collecting wrapt==1.12.1
  Downloading wrapt-1.12.1.tar.gz (27 kB)
Collecting zipp==3.1.0
  Downloading zipp-3.1.0-py3-none-any.whl (4.9 kB)
Collecting pywinusb>=0.4.0; platform_system == "Windows"
  Downloading pywinusb-0.4.2.zip (61 kB)
Collecting atomicwrites>=1.0; sys_platform == "win32"
  Downloading atomicwrites-1.4.0-py2.py3-none-any.whl (6.8 kB)
Requirement already satisfied: setuptools in d:\a\1\s\opt\bin\lib\site-packages (from Sphinx==2.4.4->-r https://raw.githubusercontent.com/nrfconnect/sdk-nrf/v1.3.0/scripts/requirements-ci.txt (line 71)) (47.3.1)
Building wheels for collected packages: cbor, CommonMark, future, intervaltree, junit2html, prettytable, pyusb, sphinx-tabs, sphinxcontrib-mscgen, wrapt, pywinusb
  Building wheel for cbor (setup.py): started
  Building wheel for cbor (setup.py): finished with status 'done'
  Created wheel for cbor: filename=cbor-1.0.0-py3-none-any.whl size=10050 sha256=3d817686186333533200a92a1cce0971429823d4da0148b92bf6fbf8ed107860
  Stored in directory: C:\Users\VssAdministrator\AppData\Local\Temp\pip-ephem-wheel-cache-6kxemh54\wheels\31\3a\8a\9d1a5e6f83f620826578089812b8ac236b86eaf4fbc3b36384
  Building wheel for CommonMark (setup.py): started
  Building wheel for CommonMark (setup.py): finished with status 'done'
  Created wheel for CommonMark: filename=CommonMark-0.5.4-py3-none-any.whl size=30757 sha256=adf3b5bc89066de18396bf80d24fdab2a06d018f80904f17334cc348dfe05adc
  Stored in directory: C:\Users\VssAdministrator\AppData\Local\Temp\pip-ephem-wheel-cache-6kxemh54\wheels\81\62\51\88b747100fa339b9493816b208cd82476820bc46d1bd310b77
  Building wheel for future (setup.py): started
  Building wheel for future (setup.py): finished with status 'done'
  Created wheel for future: filename=future-0.18.2-py3-none-any.whl size=491062 sha256=b1afd5b983e23e6d82eb325f7fef6c9fe39cd9d823bd0a9d1de80ac17e0b0bb0
  Stored in directory: C:\Users\VssAdministrator\AppData\Local\Temp\pip-ephem-wheel-cache-6kxemh54\wheels\8e\70\28\3d6ccd6e315f65f245da085482a2e1c7d14b90b30f239e2cf4
  Building wheel for intervaltree (setup.py): started
  Building wheel for intervaltree (setup.py): finished with status 'done'
  Created wheel for intervaltree: filename=intervaltree-3.0.2-py3-none-any.whl size=25798 sha256=477a4630b91dd0162e3cf1544d46b529855f964945b17adaf3c388cfaf63a8c0
  Stored in directory: C:\Users\VssAdministrator\AppData\Local\Temp\pip-ephem-wheel-cache-6kxemh54\wheels\cd\31\73\2a37de8f93a2c05a2c19734f7039756d3eb1f9de85971b86df
  Building wheel for junit2html (setup.py): started
  Building wheel for junit2html (setup.py): finished with status 'done'
  Created wheel for junit2html: filename=junit2html-23-py3-none-any.whl size=12912 sha256=b5def0c03e7d5b75e1005234da83a9a1cfb883ab873947e648d981832c83c254
  Stored in directory: C:\Users\VssAdministrator\AppData\Local\Temp\pip-ephem-wheel-cache-6kxemh54\wheels\4f\6f\8b\38c65d70e043e8045c59aa60e460c39fd1ba5f96a0de3758ac
  Building wheel for prettytable (setup.py): started
  Building wheel for prettytable (setup.py): finished with status 'done'
  Created wheel for prettytable: filename=prettytable-0.7.2-py3-none-any.whl size=13704 sha256=dd6ba4c2f8ac25ab3c3ef3c74e954a15d8317f4cde3b2928caa43224587d9a33
  Stored in directory: C:\Users\VssAdministrator\AppData\Local\Temp\pip-ephem-wheel-cache-6kxemh54\wheels\46\60\6c\bb25d05df22906786206e901e9354bb3061061191116768bee
  Building wheel for pyusb (setup.py): started
  Building wheel for pyusb (setup.py): finished with status 'done'
  Created wheel for pyusb: filename=pyusb-1.0.2-py3-none-any.whl size=57030 sha256=ccb1f5c12fe3cee5251f9e8e518405ecb3423fa52d684c2ec87c5c60036dd9c2
  Stored in directory: C:\Users\VssAdministrator\AppData\Local\Temp\pip-ephem-wheel-cache-6kxemh54\wheels\3c\73\eb\ffd9a3e54c3f21980d5debae6b4aa9699111004ea119640c0b
  Building wheel for sphinx-tabs (setup.py): started
  Building wheel for sphinx-tabs (setup.py): finished with status 'done'
  Created wheel for sphinx-tabs: filename=sphinx_tabs-1.1.13-py3-none-any.whl size=26312 sha256=89cc555f78fc644cef59df2f1036f0d4a224bd5707df8b9946537dff285d4e64
  Stored in directory: C:\Users\VssAdministrator\AppData\Local\Temp\pip-ephem-wheel-cache-6kxemh54\wheels\b9\84\71\df5689368020d0daef809a10f0a558c16b999120edb102f014
  Building wheel for sphinxcontrib-mscgen (setup.py): started
  Building wheel for sphinxcontrib-mscgen (setup.py): finished with status 'done'
  Created wheel for sphinxcontrib-mscgen: filename=sphinxcontrib_mscgen-0.5-py3-none-any.whl size=5453 sha256=b4d20a1c8a900fbf3c92f265e811383056e7fdaf880ac015b2acfa76bb13e3a7
  Stored in directory: C:\Users\VssAdministrator\AppData\Local\Temp\pip-ephem-wheel-cache-6kxemh54\wheels\c3\ce\79\fbde2c3feb0b15684fd204aa7722460debf8ca438b6f359020
  Building wheel for wrapt (setup.py): started
  Building wheel for wrapt (setup.py): finished with status 'done'
  Created wheel for wrapt: filename=wrapt-1.12.1-py3-none-any.whl size=19558 sha256=50f92f890a23498ccf01239f39e577eec9608c303610732060c1407c80a2dac3
  Stored in directory: C:\Users\VssAdministrator\AppData\Local\Temp\pip-ephem-wheel-cache-6kxemh54\wheels\5f\fd\9e\b6cf5890494cb8ef0b5eaff72e5d55a70fb56316007d6dfe73
  Building wheel for pywinusb (setup.py): started
  Building wheel for pywinusb (setup.py): finished with status 'done'
  Created wheel for pywinusb: filename=pywinusb-0.4.2-py3-none-any.whl size=43399 sha256=9d0fd8a00a5acfd462fa211363041639d1acd3b4643f7fa14050a366454128c3
  Stored in directory: C:\Users\VssAdministrator\AppData\Local\Temp\pip-ephem-wheel-cache-6kxemh54\wheels\d6\ed\7e\64703131df5050ac37564250a4e789d5540d8594bbd88aa782
Successfully built cbor CommonMark future intervaltree junit2html prettytable pyusb sphinx-tabs sphinxcontrib-mscgen wrapt pywinusb
Installing collected packages: alabaster, six, anytree, appdirs, arrow, lazy-object-proxy, wrapt, astroid, attrs, pytz, Babel, idna, chardet, certifi, urllib3, requests, sphinxcontrib-jsmath, sphinxcontrib-htmlhelp, docutils, Pygments, packaging, sphinxcontrib-applehelp, sphinxcontrib-devhelp, sphinxcontrib-qthelp, MarkupSafe, Jinja2, imagesize, sphinxcontrib-serializinghtml, snowballstemmer, Sphinx, breathe, cbor, pycparser, cffi, click, milksnake, cmsis-pack-manager, CommonMark, cryptography, Deprecated, ecdsa, future, lxml, gcovr, gitlint, zipp, importlib-metadata, intelhex, sortedcontainers, intervaltree, isort, junit2html, junitparser, mccabe, more-itertools, Pillow, pluggy, ply, prettytable, psutil, py, pyelftools, PyJWT, PyGithub, pylink-square, toml, pylint, pywinusb, pyusb, pyocd, pyserial, wcwidth, atomicwrites, pytest, python-magic, recommonmark, sh, sphinx-rtd-theme, sphinx-tabs, sphinxcontrib-mscgen, sphinxcontrib-svg2pdfconverter, tabulate, typed-ast
  Attempting uninstall: six
    Found existing installation: six 1.15.0
    Uninstalling six-1.15.0:
      Successfully uninstalled six-1.15.0
  Attempting uninstall: packaging
    Found existing installation: packaging 20.4
    Uninstalling packaging-20.4:
      Successfully uninstalled packaging-20.4
Successfully installed Babel-2.8.0 CommonMark-0.5.4 Deprecated-1.2.9 Jinja2-2.11.2 MarkupSafe-1.1.1 Pillow-7.1.2 PyGithub-1.51 PyJWT-1.7.1 Pygments-2.6.1 Sphinx-2.4.4 alabaster-0.7.12 anytree-2.8.0 appdirs-1.4.3 arrow-0.15.6 astroid-2.4.1 atomicwrites-1.4.0 attrs-19.3.0 breathe-4.14.2 cbor-1.0.0 certifi-2020.4.5.1 cffi-1.14.0 chardet-3.0.4 click-7.1.2 cmsis-pack-manager-0.2.10 cryptography-2.9.2 docutils-0.16 ecdsa-0.15 future-0.18.2 gcovr-4.2 gitlint-0.13.1 idna-2.9 imagesize-1.2.0 importlib-metadata-1.6.0 intelhex-2.2.1 intervaltree-3.0.2 isort-4.3.21 junit2html-23 junitparser-1.4.1 lazy-object-proxy-1.4.3 lxml-4.5.0 mccabe-0.6.1 milksnake-0.1.5 more-itertools-8.2.0 packaging-20.3 pluggy-0.13.1 ply-3.11 prettytable-0.7.2 psutil-5.7.0 py-1.8.1 pycparser-2.20 pyelftools-0.26 pylink-square-0.6.0 pylint-2.5.2 pyocd-0.26.0 pyserial-3.4 pytest-5.4.1 python-magic-0.4.18 pytz-2020.1 pyusb-1.0.2 pywinusb-0.4.2 recommonmark-0.4.0 requests-2.23.0 sh-1.12.14 six-1.14.0 snowballstemmer-2.0.0 sortedcontainers-2.1.0 sphinx-rtd-theme-0.4.3 sphinx-tabs-1.1.13 sphinxcontrib-applehelp-1.0.2 sphinxcontrib-devhelp-1.0.2 sphinxcontrib-htmlhelp-1.0.3 sphinxcontrib-jsmath-1.0.1 sphinxcontrib-mscgen-0.5 sphinxcontrib-qthelp-1.0.3 sphinxcontrib-serializinghtml-1.1.4 sphinxcontrib-svg2pdfconverter-1.0.1 tabulate-0.8.7 toml-0.10.0 typed-ast-1.4.1 urllib3-1.25.9 wcwidth-0.1.9 wrapt-1.12.1 zipp-3.1.0
done
Fixing hardwired python path ... dragons hiding here ...
done
Downloading EmbeddedStudio_ARM_Nordic_v452_win_x64.zip ...done
>>>> checksum for EmbeddedStudio_ARM_Nordic_v452_win_x64.zip does not exist in ncsmgr/sha512sums.txt <<<<
Unpacking /d/a/1/s/download/EmbeddedStudio_ARM_Nordic_v452_win_x64.zip ...
7-Zip 19.00 (x64) : Copyright (c) 1999-2018 Igor Pavlov : 2019-02-21

Scanning the drive for archives:
1 file, 301581670 bytes (288 MiB)

Extracting archive: D:\a\1\s\download\EmbeddedStudio_ARM_Nordic_v452_win_x64.zip
--
Path = D:\a\1\s\download\EmbeddedStudio_ARM_Nordic_v452_win_x64.zip
Type = zip
Physical Size = 301581670

Everything is Ok

Folders: 127
Files: 2942
Size:       665938796
Compressed: 301581670
done
Removing /d/a/1/s/mingw64/lib/tk8.6/demos ...done
Removing /d/a/1/s/mingw64/share/doc ...done
Removing /d/a/1/s/opt/doc ...done
Removing /d/a/1/s/opt/share/doc ...done
Checking out NCS v1.3.0 ...done
Updating repos ...
done
